15:16:50.732 [main] DEBUG io.netty.buffer.PooledByteBufAllocator - -Dio.netty.allocator.cacheTrimInterval: 8192
15:16:50.763 [main] DEBUG io.netty.buffer.PooledByteBufAllocator - -Dio.netty.allocator.cacheTrimIntervalMillis: 0
15:16:50.763 [main] DEBUG io.netty.buffer.PooledByteBufAllocator - -Dio.netty.allocator.useCacheForAllThreads: false
15:16:50.763 [main] DEBUG io.netty.buffer.PooledByteBufAllocator - -Dio.netty.allocator.maxCachedByteBuffersPerChunk: 1023
15:16:50.811 [main] DEBUG io.netty.buffer.ByteBufUtil - -Dio.netty.allocator.type: pooled
15:16:50.811 [main] DEBUG io.netty.buffer.ByteBufUtil - -Dio.netty.threadLocalDirectBufferSize: 0
15:16:50.811 [main] DEBUG io.netty.buffer.ByteBufUtil - -Dio.netty.maxThreadLocalCharBufferSize: 16384
15:16:51.718 [Forwarding newSession on session null to remote] DEBUG io.netty.channel.DefaultChannelId - -Dio.netty.processId: 5804 (auto-detected)
15:16:51.718 [Forwarding newSession on session null to remote] DEBUG io.netty.util.NetUtil - -Djava.net.preferIPv4Stack: false
15:16:51.718 [Forwarding newSession on session null to remote] DEBUG io.netty.util.NetUtil - -Djava.net.preferIPv6Addresses: false
15:16:51.733 [Forwarding newSession on session null to remote] DEBUG io.netty.util.NetUtilInitializations - Loopback interface: lo (Software Loopback Interface 1, 127.0.0.1)
15:16:51.733 [Forwarding newSession on session null to remote] DEBUG io.netty.util.NetUtil - Failed to get SOMAXCONN from sysctl and file \proc\sys\net\core\somaxconn. Default: 200
15:16:51.749 [Forwarding newSession on session null to remote] DEBUG io.netty.channel.DefaultChannelId - -Dio.netty.machineId: 48:5a:b6:ff:fe:02:81:3a (auto-detected)
15:16:51.890 [AsyncHttpClient-1-2] DEBUG io.netty.buffer.AbstractByteBuf - -Dio.netty.buffer.checkAccessible: true
15:16:51.890 [AsyncHttpClient-1-2] DEBUG io.netty.buffer.AbstractByteBuf - -Dio.netty.buffer.checkBounds: true
15:16:51.890 [AsyncHttpClient-1-2] DEBUG io.netty.util.ResourceLeakDetectorFactory - Loaded default ResourceLeakDetector: io.netty.util.ResourceLeakDetector@19eb5e44
15:16:51.953 [AsyncHttpClient-1-2] DEBUG io.netty.util.Recycler - -Dio.netty.recycler.maxCapacityPerThread: 4096
15:16:51.953 [AsyncHttpClient-1-2] DEBUG io.netty.util.Recycler - -Dio.netty.recycler.ratio: 8
15:16:51.953 [AsyncHttpClient-1-2] DEBUG io.netty.util.Recycler - -Dio.netty.recycler.chunkSize: 32
15:16:51.953 [AsyncHttpClient-1-2] DEBUG io.netty.util.Recycler - -Dio.netty.recycler.blocking: false
15:16:54.651 [AsyncHttpClient-1-2] DEBUG io.netty.handler.codec.compression.Brotli - brotli4j not in the classpath; Brotli support will be unavailable.
15:16:55.599 [main] DEBUG io.netty.util.internal.ThreadLocalRandom - -Dio.netty.initialSeedUniquifier: 0x36ee558c673e2aa8
15:16:55.786 [main] INFO  testCases.TC001_AccountRegistration - launch chrome browser
15:16:58.559 [main] INFO  testCases.TC001_AccountRegistration - home page display
15:16:59.165 [main] INFO  testCases.TC001_AccountRegistration - clicked on my account
15:17:00.016 [main] INFO  testCases.TC001_AccountRegistration - clicked on register account
15:17:00.163 [main] INFO  testCases.TC001_AccountRegistration - provide first name
15:17:00.253 [main] INFO  testCases.TC001_AccountRegistration - provide last name
15:17:00.365 [main] INFO  testCases.TC001_AccountRegistration - enter email
15:17:00.457 [main] INFO  testCases.TC001_AccountRegistration - provide telephone
15:17:00.559 [main] INFO  testCases.TC001_AccountRegistration - enter address
15:17:00.645 [main] INFO  testCases.TC001_AccountRegistration - enter city
15:17:00.737 [main] INFO  testCases.TC001_AccountRegistration - provide postcode
15:17:03.882 [main] INFO  testCases.TC001_AccountRegistration - provide country name
15:17:07.148 [main] INFO  testCases.TC001_AccountRegistration - provide region
15:17:07.283 [main] INFO  testCases.TC001_AccountRegistration - enter password
15:17:07.404 [main] INFO  testCases.TC001_AccountRegistration - enter confirm password
15:17:07.501 [main] INFO  testCases.TC001_AccountRegistration - clicked term and condition
15:17:12.555 [main] INFO  testCases.TC001_AccountRegistration - click on continue button
15:17:12.610 [main] INFO  testCases.TC001_AccountRegistration - Account registration success
15:17:12.625 [main] INFO  testCases.TC001_AccountRegistration -  test case TC001_AccountRegistration complete
15:17:16.298 [main] INFO  testCases.TC002_Login - launch chrome browser
15:17:16.308 [main] INFO  testCases.TC002_Login - starting TC002_Login
15:17:16.308 [main] INFO  testCases.TC002_Login - launching appurl
15:17:19.441 [main] INFO  testCases.TC002_Login - click on myaccount page
15:17:19.608 [main] INFO  testCases.TC002_Login - click on login button
15:17:20.250 [main] INFO  testCases.TC002_Login - enter email
15:17:20.469 [main] INFO  testCases.TC002_Login - enter password
15:17:20.597 [main] INFO  testCases.TC002_Login - click on login button
15:17:31.287 [main] INFO  testCases.TC002_Login - login fail
